2018-04-19 00:30:13 ERROR Log:31 - ORA-00001: unique constraint (JOEY_INMARS.SYS_C005391) violated
ORA-06512: at "JOEY_INMARS.INSERT_EMPLOYEE", line 7
ORA-06512: at line 1

2018-04-19 00:40:41 ERROR Log:31 - ORA-00001: unique constraint (JOEY_INMARS.SYS_C005391) violated
ORA-06512: at "JOEY_INMARS.INSERT_EMPLOYEE", line 7
ORA-06512: at line 1

2018-04-19 00:40:42 ERROR Log:31 - ORA-00001: unique constraint (JOEY_INMARS.SYS_C005391) violated
ORA-06512: at "JOEY_INMARS.INSERT_EMPLOYEE", line 7
ORA-06512: at line 1

2018-04-19 00:40:42 ERROR Log:31 - ORA-00001: unique constraint (JOEY_INMARS.SYS_C005391) violated
ORA-06512: at "JOEY_INMARS.INSERT_EMPLOYEE", line 7
ORA-06512: at line 1

2018-04-19 00:40:42 ERROR Log:31 - ORA-00001: unique constraint (JOEY_INMARS.SYS_C005391) violated
ORA-06512: at "JOEY_INMARS.INSERT_EMPLOYEE", line 7
ORA-06512: at line 1

2018-04-19 00:40:42 ERROR Log:31 - ORA-00001: unique constraint (JOEY_INMARS.SYS_C005391) violated
ORA-06512: at "JOEY_INMARS.INSERT_EMPLOYEE", line 7
ORA-06512: at line 1

2018-04-19 00:43:23 ERROR Log:31 - ORA-00001: unique constraint (JOEY_INMARS.SYS_C005391) violated
ORA-06512: at "JOEY_INMARS.INSERT_EMPLOYEE", line 7
ORA-06512: at line 1

2018-04-19 00:43:23 ERROR Log:31 - ORA-00001: unique constraint (JOEY_INMARS.SYS_C005391) violated
ORA-06512: at "JOEY_INMARS.INSERT_EMPLOYEE", line 7
ORA-06512: at line 1

2018-04-19 00:43:23 ERROR Log:31 - ORA-00001: unique constraint (JOEY_INMARS.SYS_C005391) violated
ORA-06512: at "JOEY_INMARS.INSERT_EMPLOYEE", line 7
ORA-06512: at line 1

2018-04-19 00:43:23 ERROR Log:31 - ORA-00001: unique constraint (JOEY_INMARS.SYS_C005391) violated
ORA-06512: at "JOEY_INMARS.INSERT_EMPLOYEE", line 7
ORA-06512: at line 1

2018-04-19 00:43:24 ERROR Log:31 - ORA-00001: unique constraint (JOEY_INMARS.SYS_C005391) violated
ORA-06512: at "JOEY_INMARS.INSERT_EMPLOYEE", line 7
ORA-06512: at line 1

2018-04-19 01:02:31 ERROR Log:31 - ORA-06550: line 1, column 7:
PLS-00201: identifier 'GET_EMPLOYEE' must be declared
ORA-06550: line 1, column 7:
PL/SQL: Statement ignored

2018-04-19 01:02:31 ERROR Log:31 - ORA-06550: line 1, column 7:
PLS-00201: identifier 'GET_EMPLOYEE' must be declared
ORA-06550: line 1, column 7:
PL/SQL: Statement ignored

2018-04-19 01:11:13 ERROR Log:31 - ORA-06550: line 1, column 7:
PLS-00306: wrong number or types of arguments in call to 'GET_EMPLOYEE'
ORA-06550: line 1, column 7:
PL/SQL: Statement ignored

2018-04-19 01:11:13 ERROR Log:31 - ORA-06550: line 1, column 7:
PLS-00306: wrong number or types of arguments in call to 'GET_EMPLOYEE'
ORA-06550: line 1, column 7:
PL/SQL: Statement ignored

2018-04-19 01:11:14 ERROR Log:31 - ORA-00001: unique constraint (JOEY_INMARS.SYS_C005391) violated
ORA-06512: at "JOEY_INMARS.INSERT_EMPLOYEE", line 7
ORA-06512: at line 1

2018-04-19 01:13:29 ERROR Log:31 - Invalid column type: 2012
2018-04-19 01:13:29 ERROR Log:31 - Invalid column type: 2012
2018-04-19 01:13:30 ERROR Log:31 - ORA-00001: unique constraint (JOEY_INMARS.SYS_C005391) violated
ORA-06512: at "JOEY_INMARS.INSERT_EMPLOYEE", line 7
ORA-06512: at line 1

2018-04-19 01:17:35 ERROR Log:31 - Invalid column type: 2012
2018-04-19 01:17:36 ERROR Log:31 - Invalid column type: 2012
2018-04-19 01:17:37 ERROR Log:31 - ORA-00001: unique constraint (JOEY_INMARS.SYS_C005391) violated
ORA-06512: at "JOEY_INMARS.INSERT_EMPLOYEE", line 7
ORA-06512: at line 1

2018-04-19 01:21:19 ERROR Log:31 - Invalid column type: 2012
2018-04-19 01:21:20 ERROR Log:31 - Invalid column type: 2012
2018-04-19 01:21:20 ERROR Log:31 - ORA-00001: unique constraint (JOEY_INMARS.SYS_C005391) violated
ORA-06512: at "JOEY_INMARS.INSERT_EMPLOYEE", line 7
ORA-06512: at line 1

2018-04-19 01:24:23 ERROR Log:31 - ORA-00001: unique constraint (JOEY_INMARS.SYS_C005391) violated
ORA-06512: at "JOEY_INMARS.INSERT_EMPLOYEE", line 7
ORA-06512: at line 1

2018-04-19 01:25:24 ERROR Log:31 - ORA-00001: unique constraint (JOEY_INMARS.SYS_C005391) violated
ORA-06512: at "JOEY_INMARS.INSERT_EMPLOYEE", line 7
ORA-06512: at line 1

2018-04-19 01:28:00 ERROR Log:31 - operation not allowed: Ordinal binding and Named binding cannot be combined!
2018-04-19 01:28:01 ERROR Log:31 - operation not allowed: Ordinal binding and Named binding cannot be combined!
2018-04-19 01:28:01 ERROR Log:31 - ORA-00001: unique constraint (JOEY_INMARS.SYS_C005391) violated
ORA-06512: at "JOEY_INMARS.INSERT_EMPLOYEE", line 7
ORA-06512: at line 1

2018-04-19 01:29:51 ERROR Log:31 - ORA-00001: unique constraint (JOEY_INMARS.SYS_C005391) violated
ORA-06512: at "JOEY_INMARS.INSERT_EMPLOYEE", line 7
ORA-06512: at line 1

2018-04-19 01:37:51 ERROR Log:31 - ORA-00001: unique constraint (JOEY_INMARS.SYS_C005391) violated
ORA-06512: at "JOEY_INMARS.INSERT_EMPLOYEE", line 7
ORA-06512: at line 1

2018-04-19 01:38:30 ERROR Log:31 - ORA-00001: unique constraint (JOEY_INMARS.SYS_C005391) violated
ORA-06512: at "JOEY_INMARS.INSERT_EMPLOYEE", line 7
ORA-06512: at line 1

2018-04-19 01:41:28 ERROR Log:31 - ORA-00001: unique constraint (JOEY_INMARS.SYS_C005391) violated
ORA-06512: at "JOEY_INMARS.INSERT_EMPLOYEE", line 7
ORA-06512: at line 1

2018-04-19 01:45:03 ERROR Log:31 - ORA-00001: unique constraint (JOEY_INMARS.SYS_C005391) violated
ORA-06512: at "JOEY_INMARS.INSERT_EMPLOYEE", line 7
ORA-06512: at line 1

2018-04-19 01:49:43 ERROR Log:31 - ORA-00001: unique constraint (JOEY_INMARS.SYS_C005391) violated
ORA-06512: at "JOEY_INMARS.INSERT_EMPLOYEE", line 7
ORA-06512: at line 1

2018-04-19 01:51:14 ERROR Log:31 - ORA-00001: unique constraint (JOEY_INMARS.SYS_C005391) violated
ORA-06512: at "JOEY_INMARS.INSERT_EMPLOYEE", line 7
ORA-06512: at line 1

2018-04-19 01:53:52 ERROR Log:31 - ORA-00001: unique constraint (JOEY_INMARS.SYS_C005391) violated
ORA-06512: at "JOEY_INMARS.INSERT_EMPLOYEE", line 7
ORA-06512: at line 1

2018-04-19 01:56:37 ERROR Log:31 - ORA-00001: unique constraint (JOEY_INMARS.SYS_C005391) violated
ORA-06512: at "JOEY_INMARS.INSERT_EMPLOYEE", line 7
ORA-06512: at line 1

2018-04-19 01:57:45 ERROR Log:31 - ORA-00001: unique constraint (JOEY_INMARS.SYS_C005391) violated
ORA-06512: at "JOEY_INMARS.INSERT_EMPLOYEE", line 7
ORA-06512: at line 1

2018-04-19 08:31:13 ERROR Log:31 - ORA-00001: unique constraint (JOEY_INMARS.SYS_C005391) violated
ORA-06512: at "JOEY_INMARS.INSERT_EMPLOYEE", line 7
ORA-06512: at line 1

2018-04-19 08:33:44 ERROR Log:31 - ResultSet.next was not called
2018-04-19 08:33:45 ERROR Log:31 - ResultSet.next was not called
2018-04-19 08:33:46 ERROR Log:31 - ORA-00001: unique constraint (JOEY_INMARS.SYS_C005391) violated
ORA-06512: at "JOEY_INMARS.INSERT_EMPLOYEE", line 7
ORA-06512: at line 1

2018-04-19 08:34:19 ERROR Log:31 - ResultSet.next was not called
2018-04-19 08:34:20 ERROR Log:31 - ResultSet.next was not called
2018-04-19 08:34:20 ERROR Log:31 - ORA-00001: unique constraint (JOEY_INMARS.SYS_C005391) violated
ORA-06512: at "JOEY_INMARS.INSERT_EMPLOYEE", line 7
ORA-06512: at line 1

2018-04-19 08:35:08 ERROR Log:31 - ResultSet.next was not called
2018-04-19 08:35:09 ERROR Log:31 - ResultSet.next was not called
2018-04-19 08:35:09 ERROR Log:31 - ORA-00001: unique constraint (JOEY_INMARS.SYS_C005391) violated
ORA-06512: at "JOEY_INMARS.INSERT_EMPLOYEE", line 7
ORA-06512: at line 1

2018-04-19 08:35:50 ERROR Log:31 - ORA-00001: unique constraint (JOEY_INMARS.SYS_C005391) violated
ORA-06512: at "JOEY_INMARS.INSERT_EMPLOYEE", line 7
ORA-06512: at line 1

2018-04-19 08:36:41 ERROR Log:31 - ORA-00001: unique constraint (JOEY_INMARS.SYS_C005391) violated
ORA-06512: at "JOEY_INMARS.INSERT_EMPLOYEE", line 7
ORA-06512: at line 1

2018-04-19 08:37:22 ERROR Log:31 - ORA-00001: unique constraint (JOEY_INMARS.SYS_C005391) violated
ORA-06512: at "JOEY_INMARS.INSERT_EMPLOYEE", line 7
ORA-06512: at line 1

2018-04-19 09:07:11 ERROR Log:31 - ORA-00001: unique constraint (JOEY_INMARS.SYS_C005391) violated
ORA-06512: at "JOEY_INMARS.INSERT_EMPLOYEE", line 7
ORA-06512: at line 1

2018-04-19 16:59:23 ERROR Log:31 - ORA-00001: unique constraint (JOEY_INMARS.SYS_C005391) violated
ORA-06512: at "JOEY_INMARS.INSERT_EMPLOYEE", line 7
ORA-06512: at line 1

2018-04-19 19:07:32 ERROR Log:31 - ORA-00001: unique constraint (JOEY_INMARS.SYS_C005391) violated
ORA-06512: at "JOEY_INMARS.INSERT_EMPLOYEE", line 7
ORA-06512: at line 1

2018-04-19 19:09:54 ERROR Log:31 - ORA-00001: unique constraint (JOEY_INMARS.SYS_C005391) violated
ORA-06512: at "JOEY_INMARS.INSERT_EMPLOYEE", line 7
ORA-06512: at line 1

2018-04-19 19:16:58 ERROR Log:31 - ORA-00001: unique constraint (JOEY_INMARS.SYS_C005391) violated
ORA-06512: at "JOEY_INMARS.INSERT_EMPLOYEE", line 7
ORA-06512: at line 1

2018-04-19 20:05:35 ERROR Log:31 - ORA-00001: unique constraint (JOEY_INMARS.SYS_C005391) violated
ORA-06512: at "JOEY_INMARS.INSERT_EMPLOYEE", line 7
ORA-06512: at line 1

2018-04-19 20:13:09 ERROR Log:31 - ORA-00001: unique constraint (JOEY_INMARS.SYS_C005391) violated
ORA-06512: at "JOEY_INMARS.INSERT_EMPLOYEE", line 7
ORA-06512: at line 1

2018-04-19 20:21:56 ERROR Log:31 - ORA-00001: unique constraint (JOEY_INMARS.SYS_C005391) violated
ORA-06512: at "JOEY_INMARS.INSERT_EMPLOYEE", line 7
ORA-06512: at line 1

2018-04-19 20:23:17 ERROR Log:31 - ORA-00001: unique constraint (JOEY_INMARS.SYS_C005391) violated
ORA-06512: at "JOEY_INMARS.INSERT_EMPLOYEE", line 7
ORA-06512: at line 1

2018-04-19 20:27:20 ERROR Log:31 - ORA-00001: unique constraint (JOEY_INMARS.SYS_C005391) violated
ORA-06512: at "JOEY_INMARS.INSERT_EMPLOYEE", line 7
ORA-06512: at line 1

2018-04-19 20:33:23 ERROR Log:31 - ORA-00001: unique constraint (JOEY_INMARS.SYS_C005391) violated
ORA-06512: at "JOEY_INMARS.INSERT_EMPLOYEE", line 7
ORA-06512: at line 1

2018-04-19 20:46:50 INFO  Log:37 - EID not found
2018-04-19 20:46:50 INFO  Log:37 - EID not found, cannot submit request
2018-04-19 20:46:52 ERROR Log:31 - ORA-00001: unique constraint (JOEY_INMARS.SYS_C005391) violated
ORA-06512: at "JOEY_INMARS.INSERT_EMPLOYEE", line 7
ORA-06512: at line 1

2018-04-19 21:21:34 INFO  Log:37 - EID not found
2018-04-19 21:21:34 INFO  Log:37 - EID not found, cannot submit request
2018-04-19 21:21:36 ERROR Log:31 - ORA-00001: unique constraint (JOEY_INMARS.SYS_C005391) violated
ORA-06512: at "JOEY_INMARS.INSERT_EMPLOYEE", line 7
ORA-06512: at line 1

2018-04-19 21:26:12 INFO  Log:37 - EID not found
2018-04-19 21:26:12 INFO  Log:37 - EID not found, cannot submit request
2018-04-19 21:26:14 ERROR Log:31 - ORA-00001: unique constraint (JOEY_INMARS.SYS_C005391) violated
ORA-06512: at "JOEY_INMARS.INSERT_EMPLOYEE", line 7
ORA-06512: at line 1

2018-04-19 21:44:27 INFO  Log:37 - EID not found
2018-04-19 21:44:27 INFO  Log:37 - EID not found, cannot submit request
2018-04-19 21:44:30 ERROR Log:31 - ORA-00001: unique constraint (JOEY_INMARS.SYS_C005391) violated
ORA-06512: at "JOEY_INMARS.INSERT_EMPLOYEE", line 7
ORA-06512: at line 1

2018-04-20 10:24:00 ERROR Log:35 - ORA-00900: invalid SQL statement
ORA-06512: at "JOEY_INMARS.ADD_USER", line 6
ORA-06512: at "JOEY_INMARS.AFTER_INSERT_MANAGER", line 2
ORA-04088: error during execution of trigger 'JOEY_INMARS.AFTER_INSERT_MANAGER'
ORA-06512: at "JOEY_INMARS.INSERT_MANAGER", line 7
ORA-06512: at line 1

2018-04-20 10:40:29 ERROR Log:35 - ORA-00900: invalid SQL statement
ORA-06512: at "JOEY_INMARS.ADD_USER", line 6
ORA-06512: at "JOEY_INMARS.AFTER_INSERT_MANAGER", line 2
ORA-04088: error during execution of trigger 'JOEY_INMARS.AFTER_INSERT_MANAGER'
ORA-06512: at "JOEY_INMARS.INSERT_MANAGER", line 7
ORA-06512: at line 1

2018-04-20 11:04:32 ERROR Log:35 - ORA-00900: invalid SQL statement
ORA-06512: at "JOEY_INMARS.ADD_USER", line 6
ORA-06512: at "JOEY_INMARS.AFTER_INSERT_MANAGER", line 2
ORA-04088: error during execution of trigger 'JOEY_INMARS.AFTER_INSERT_MANAGER'
ORA-06512: at "JOEY_INMARS.INSERT_MANAGER", line 7
ORA-06512: at line 1

2018-04-20 11:05:46 ERROR Log:35 - ORA-00900: invalid SQL statement
ORA-06512: at "JOEY_INMARS.ADD_USER", line 6
ORA-06512: at "JOEY_INMARS.AFTER_INSERT_MANAGER", line 2
ORA-04088: error during execution of trigger 'JOEY_INMARS.AFTER_INSERT_MANAGER'
ORA-06512: at "JOEY_INMARS.INSERT_MANAGER", line 7
ORA-06512: at line 1

2018-04-20 13:23:11 WARN  Log:30 - Deleting an employee will delete all of the employees too.
2018-04-20 13:23:12 INFO  Log:41 - EID not found
2018-04-20 13:23:12 INFO  Log:41 - EID not found, cannot find you
2018-04-20 13:23:14 ERROR Log:35 - ORA-00001: unique constraint (JOEY_INMARS.SYS_C005398) violated
ORA-06512: at "JOEY_INMARS.INSERT_MANAGER", line 8
ORA-06512: at line 1

2018-04-20 13:23:15 INFO  Log:41 - EID not found
2018-04-20 13:23:15 INFO  Log:41 - EID not found, cannot find you
2018-04-20 13:23:15 INFO  Log:41 - EID not found
2018-04-20 13:23:15 INFO  Log:41 - EID not found, cannot submit request
2018-04-20 13:23:15 INFO  Log:41 - RID not found
2018-04-20 13:23:15 INFO  Log:41 - RID not found, cannot find request
2018-04-20 13:23:15 INFO  Log:41 - Invalid approval code or RID not found
2018-04-20 13:23:15 INFO  Log:41 - Cannot approve request
2018-04-20 13:23:15 INFO  Log:41 - RID not found
2018-04-20 13:23:15 INFO  Log:41 - RID not found, cannot find request
2018-04-20 13:25:28 INFO  Log:41 - EID not found
2018-04-20 13:25:28 INFO  Log:41 - EID not found, cannot find you
2018-04-20 13:25:28 INFO  Log:41 - EID not found
2018-04-20 13:25:28 INFO  Log:41 - EID not found, cannot submit request
2018-04-20 13:25:28 INFO  Log:41 - EID not found
2018-04-20 13:25:28 INFO  Log:41 - EID not found, cannot find you
2018-04-20 13:25:28 INFO  Log:41 - EID not found
2018-04-20 13:25:28 INFO  Log:41 - EID not found, cannot submit request
2018-04-20 13:30:38 INFO  Log:41 - EID not found
2018-04-20 13:30:38 INFO  Log:41 - EID not found, cannot find you
2018-04-20 13:30:38 INFO  Log:41 - EID not found
2018-04-20 13:30:38 INFO  Log:41 - EID not found, cannot submit request
2018-04-20 13:30:40 INFO  Log:41 - EID not found
2018-04-20 13:30:40 INFO  Log:41 - EID not found, cannot find you
2018-04-20 13:30:40 INFO  Log:41 - EID not found
2018-04-20 13:30:40 INFO  Log:41 - EID not found, cannot submit request
2018-04-20 13:37:18 INFO  Log:41 - EID not found
2018-04-20 13:37:18 INFO  Log:41 - EID not found, cannot find you
2018-04-20 13:37:18 INFO  Log:41 - EID not found
2018-04-20 13:37:18 INFO  Log:41 - EID not found, cannot submit request
2018-04-20 13:37:22 INFO  Log:41 - EID not found
2018-04-20 13:37:22 INFO  Log:41 - EID not found, cannot find you
2018-04-20 13:37:22 INFO  Log:41 - EID not found
2018-04-20 13:37:22 INFO  Log:41 - EID not found, cannot submit request
2018-04-20 13:44:53 INFO  Log:41 - EID not found
2018-04-20 13:44:53 INFO  Log:41 - EID not found, cannot find you
2018-04-20 13:44:53 INFO  Log:41 - EID not found
2018-04-20 13:44:53 INFO  Log:41 - EID not found, cannot submit request
2018-04-20 13:44:54 INFO  Log:41 - EID not found
2018-04-20 13:44:54 INFO  Log:41 - EID not found, cannot find you
2018-04-20 13:44:54 INFO  Log:41 - EID not found
2018-04-20 13:44:54 INFO  Log:41 - EID not found, cannot submit request
2018-04-20 13:50:02 INFO  Log:41 - EID not found
2018-04-20 13:50:02 INFO  Log:41 - EID not found, cannot find you
2018-04-20 13:50:02 INFO  Log:41 - EID not found
2018-04-20 13:50:02 INFO  Log:41 - EID not found, cannot submit request
2018-04-20 13:50:02 ERROR Log:35 - ORA-00904: "EID": invalid identifier

2018-04-20 13:50:36 INFO  Log:41 - EID not found
2018-04-20 13:50:36 INFO  Log:41 - EID not found, cannot find you
2018-04-20 13:50:36 INFO  Log:41 - EID not found
2018-04-20 13:50:36 INFO  Log:41 - EID not found, cannot submit request
2018-04-20 13:53:28 INFO  Log:41 - EID not found
2018-04-20 13:53:28 INFO  Log:41 - EID not found, cannot find you
2018-04-20 13:53:28 INFO  Log:41 - EID not found
2018-04-20 13:53:28 INFO  Log:41 - EID not found, cannot submit request
2018-04-20 13:53:28 INFO  Log:41 - EID not found
2018-04-20 13:53:28 INFO  Log:41 - EID not found, cannot find request
2018-04-20 14:02:29 INFO  Log:41 - EID not found
2018-04-20 14:02:29 INFO  Log:41 - EID not found, cannot find you
2018-04-20 14:02:29 INFO  Log:41 - EID not found
2018-04-20 14:02:29 INFO  Log:41 - EID not found, cannot submit request
2018-04-20 14:02:29 INFO  Log:41 - EID not found
2018-04-20 14:02:29 INFO  Log:41 - EID not found, cannot find you
2018-04-20 14:02:29 INFO  Log:41 - EID not found
2018-04-20 14:02:30 INFO  Log:41 - EID not found, cannot submit request
2018-04-20 14:02:30 INFO  Log:41 - EID not found
2018-04-20 14:02:30 INFO  Log:41 - EID not found, cannot find you
2018-04-20 14:02:30 INFO  Log:41 - EID not found
2018-04-20 14:02:30 INFO  Log:41 - EID not found, cannot submit request
2018-04-20 14:02:30 INFO  Log:41 - EID not found
2018-04-20 14:02:30 INFO  Log:41 - EID not found, cannot find you
2018-04-20 14:02:30 INFO  Log:41 - EID not found
2018-04-20 14:02:30 INFO  Log:41 - EID not found, cannot submit request
2018-04-20 14:02:30 INFO  Log:41 - EID not found
2018-04-20 14:02:30 INFO  Log:41 - EID not found, cannot find you
2018-04-20 14:02:30 INFO  Log:41 - EID not found
2018-04-20 14:02:30 INFO  Log:41 - EID not found, cannot submit request
2018-04-20 14:02:30 INFO  Log:41 - EID not found
2018-04-20 14:02:30 INFO  Log:41 - EID not found, cannot find you
2018-04-20 14:02:30 INFO  Log:41 - EID not found
2018-04-20 14:02:30 INFO  Log:41 - EID not found, cannot submit request
2018-04-20 14:02:31 INFO  Log:41 - EID not found
2018-04-20 14:02:31 INFO  Log:41 - EID not found, cannot find you
2018-04-20 14:02:31 INFO  Log:41 - EID not found
2018-04-20 14:02:31 INFO  Log:41 - EID not found, cannot submit request
2018-04-20 14:02:31 INFO  Log:41 - EID not found
2018-04-20 14:02:31 INFO  Log:41 - EID not found, cannot find you
2018-04-20 14:02:31 INFO  Log:41 - EID not found
2018-04-20 14:02:31 INFO  Log:41 - EID not found, cannot submit request
2018-04-20 14:02:31 INFO  Log:41 - EID not found
2018-04-20 14:02:31 INFO  Log:41 - EID not found, cannot find you
2018-04-20 14:02:31 INFO  Log:41 - EID not found
2018-04-20 14:02:31 INFO  Log:41 - EID not found, cannot submit request
2018-04-20 14:02:31 INFO  Log:41 - EID not found
2018-04-20 14:02:31 INFO  Log:41 - EID not found, cannot find you
2018-04-20 14:02:31 INFO  Log:41 - EID not found
2018-04-20 14:02:31 INFO  Log:41 - EID not found, cannot find you
2018-04-20 14:02:31 INFO  Log:41 - USERNAME not found
2018-04-20 14:02:31 INFO  Log:41 - USERNAME not found, please register or check spelling
2018-04-20 14:02:31 INFO  Log:41 - Username taken, please try a new one
2018-04-20 14:02:31 INFO  Log:41 - Username taken, cannot create another 
2018-04-20 14:02:31 INFO  Log:41 - EID not found
2018-04-20 14:02:31 INFO  Log:41 - EID not found, cannot find you
2018-04-20 14:02:33 ERROR Log:35 - ORA-00001: unique constraint (JOEY_INMARS.SYS_C005398) violated
ORA-06512: at "JOEY_INMARS.INSERT_MANAGER", line 8
ORA-06512: at line 1

2018-04-20 14:02:35 INFO  Log:41 - EID not found
2018-04-20 14:02:35 INFO  Log:41 - EID not found, cannot find you
2018-04-20 14:02:35 INFO  Log:41 - EID not found
2018-04-20 14:02:35 INFO  Log:41 - EID not found, cannot submit request
2018-04-20 14:02:35 INFO  Log:41 - EID not found
2018-04-20 14:02:35 INFO  Log:41 - EID not found, cannot find request
2018-04-20 14:02:35 INFO  Log:41 - RID not found
2018-04-20 14:02:35 INFO  Log:41 - RID not found, cannot find request
2018-04-20 14:04:14 INFO  Log:41 - EID not found
2018-04-20 14:04:14 INFO  Log:41 - EID not found, cannot find you
2018-04-20 14:04:14 ERROR Log:35 - ORA-00001: unique constraint (JOEY_INMARS.SYS_C005398) violated
ORA-06512: at "JOEY_INMARS.INSERT_MANAGER", line 8
ORA-06512: at line 1

2018-04-20 14:04:15 INFO  Log:41 - EID not found
2018-04-20 14:04:15 INFO  Log:41 - EID not found, cannot find you
2018-04-20 14:04:15 INFO  Log:41 - EID not found
2018-04-20 14:04:15 INFO  Log:41 - EID not found, cannot submit request
2018-04-20 14:04:15 INFO  Log:41 - EID not found
2018-04-20 14:04:15 INFO  Log:41 - EID not found, cannot find request
2018-04-20 14:04:16 INFO  Log:41 - RID not found
2018-04-20 14:04:16 INFO  Log:41 - RID not found, cannot find request
2018-04-20 14:08:18 INFO  Log:41 - EID not found
2018-04-20 14:08:18 INFO  Log:41 - EID not found, cannot find you
2018-04-20 14:08:19 ERROR Log:35 - ORA-00001: unique constraint (JOEY_INMARS.SYS_C005398) violated
ORA-06512: at "JOEY_INMARS.INSERT_MANAGER", line 8
ORA-06512: at line 1

2018-04-20 14:08:20 INFO  Log:41 - EID not found
2018-04-20 14:08:20 INFO  Log:41 - EID not found, cannot find you
2018-04-20 14:08:20 INFO  Log:41 - EID not found
2018-04-20 14:08:20 INFO  Log:41 - EID not found, cannot submit request
2018-04-20 14:08:21 INFO  Log:41 - EID not found
2018-04-20 14:08:21 INFO  Log:41 - EID not found, cannot find request
2018-04-20 14:08:23 INFO  Log:41 - RID not found
2018-04-20 14:08:23 INFO  Log:41 - RID not found, cannot find request
2018-04-20 15:16:50 INFO  Log:41 - EID not found
2018-04-20 15:16:50 INFO  Log:41 - EID not found, cannot find you
2018-04-20 15:16:51 ERROR Log:35 - ORA-00001: unique constraint (JOEY_INMARS.SYS_C005398) violated
ORA-06512: at "JOEY_INMARS.INSERT_MANAGER", line 8
ORA-06512: at line 1

2018-04-20 15:16:53 INFO  Log:41 - EID not found
2018-04-20 15:16:53 INFO  Log:41 - EID not found, cannot find you
2018-04-20 15:16:53 INFO  Log:41 - EID not found
2018-04-20 15:16:53 INFO  Log:41 - EID not found, cannot submit request
2018-04-20 15:16:53 INFO  Log:41 - EID not found
2018-04-20 15:16:53 INFO  Log:41 - EID not found, cannot find request
2018-04-20 15:24:48 INFO  Log:41 - EID not found
2018-04-20 15:24:48 INFO  Log:41 - EID not found, cannot find you
2018-04-20 15:24:49 ERROR Log:35 - ORA-00001: unique constraint (JOEY_INMARS.SYS_C005398) violated
ORA-06512: at "JOEY_INMARS.INSERT_MANAGER", line 8
ORA-06512: at line 1

2018-04-20 15:24:51 INFO  Log:41 - EID not found
2018-04-20 15:24:51 INFO  Log:41 - EID not found, cannot find you
2018-04-20 15:24:51 INFO  Log:41 - EID not found
2018-04-20 15:24:51 INFO  Log:41 - EID not found, cannot submit request
2018-04-20 15:24:51 INFO  Log:41 - EID not found
2018-04-20 15:24:51 INFO  Log:41 - EID not found, cannot find request
2018-04-20 15:49:35 INFO  Log:41 - EID not found
2018-04-20 15:49:35 INFO  Log:41 - EID not found, cannot find you
2018-04-20 15:49:36 ERROR Log:35 - ORA-00001: unique constraint (JOEY_INMARS.SYS_C005398) violated
ORA-06512: at "JOEY_INMARS.INSERT_MANAGER", line 8
ORA-06512: at line 1

2018-04-20 15:49:37 INFO  Log:41 - EID not found
2018-04-20 15:49:37 INFO  Log:41 - EID not found, cannot find you
2018-04-20 15:49:37 INFO  Log:41 - EID not found
2018-04-20 15:49:37 INFO  Log:41 - EID not found, cannot submit request
2018-04-20 15:49:38 INFO  Log:41 - EID not found
2018-04-20 15:49:38 INFO  Log:41 - EID not found, cannot find request
2018-04-20 15:52:03 INFO  Log:41 - EID not found
2018-04-20 15:52:03 INFO  Log:41 - EID not found, cannot find you
2018-04-20 15:52:04 ERROR Log:35 - ORA-00001: unique constraint (JOEY_INMARS.SYS_C005398) violated
ORA-06512: at "JOEY_INMARS.INSERT_MANAGER", line 8
ORA-06512: at line 1

2018-04-20 15:52:06 INFO  Log:41 - EID not found
2018-04-20 15:52:06 INFO  Log:41 - EID not found, cannot find you
2018-04-20 15:52:07 INFO  Log:41 - EID not found
2018-04-20 15:52:07 INFO  Log:41 - EID not found, cannot submit request
2018-04-20 15:52:07 INFO  Log:41 - EID not found
2018-04-20 15:52:07 INFO  Log:41 - EID not found, cannot find request
2018-04-20 15:54:28 INFO  Log:41 - EID not found
2018-04-20 15:54:28 INFO  Log:41 - EID not found, cannot find you
2018-04-20 15:54:29 ERROR Log:35 - ORA-00001: unique constraint (JOEY_INMARS.SYS_C005398) violated
ORA-06512: at "JOEY_INMARS.INSERT_MANAGER", line 8
ORA-06512: at line 1

2018-04-20 15:54:30 INFO  Log:41 - EID not found
2018-04-20 15:54:30 INFO  Log:41 - EID not found, cannot find you
2018-04-20 15:54:30 INFO  Log:41 - EID not found
2018-04-20 15:54:30 INFO  Log:41 - EID not found, cannot submit request
2018-04-20 15:54:31 INFO  Log:41 - EID not found
2018-04-20 15:54:31 INFO  Log:41 - EID not found, cannot find request
2018-04-20 15:55:38 INFO  Log:41 - EID not found
2018-04-20 15:55:38 INFO  Log:41 - EID not found, cannot find you
2018-04-20 15:55:39 ERROR Log:35 - ORA-00001: unique constraint (JOEY_INMARS.SYS_C005398) violated
ORA-06512: at "JOEY_INMARS.INSERT_MANAGER", line 8
ORA-06512: at line 1

2018-04-20 15:55:42 INFO  Log:41 - EID not found
2018-04-20 15:55:42 INFO  Log:41 - EID not found, cannot find you
2018-04-20 15:55:42 INFO  Log:41 - EID not found
2018-04-20 15:55:42 INFO  Log:41 - EID not found, cannot submit request
2018-04-20 15:55:42 INFO  Log:41 - EID not found
2018-04-20 15:55:42 INFO  Log:41 - EID not found, cannot find request
2018-04-20 15:58:38 INFO  Log:41 - EID not found
2018-04-20 15:58:38 INFO  Log:41 - EID not found, cannot find you
2018-04-20 15:58:41 ERROR Log:35 - ORA-00001: unique constraint (JOEY_INMARS.SYS_C005398) violated
ORA-06512: at "JOEY_INMARS.INSERT_MANAGER", line 8
ORA-06512: at line 1

2018-04-20 16:12:46 INFO  Log:41 - EID not found
2018-04-20 16:12:46 INFO  Log:41 - EID not found, cannot find you
2018-04-20 16:12:49 ERROR Log:35 - ORA-00001: unique constraint (JOEY_INMARS.SYS_C005398) violated
ORA-06512: at "JOEY_INMARS.INSERT_MANAGER", line 8
ORA-06512: at line 1

2018-04-20 16:18:48 INFO  Log:41 - EID not found
2018-04-20 16:18:48 INFO  Log:41 - EID not found, cannot find you
2018-04-20 16:18:49 ERROR Log:35 - ORA-00001: unique constraint (JOEY_INMARS.SYS_C005398) violated
ORA-06512: at "JOEY_INMARS.INSERT_MANAGER", line 8
ORA-06512: at line 1

2018-04-20 17:33:06 ERROR Log:35 - IO Error: The Network Adapter could not establish the connection
2018-04-20 17:33:06 ERROR Log:35 - IO Error: The Network Adapter could not establish the connection
